<?xml version="1.0" encoding="UTF-8"?>
<testsuite name="com.company.gate.logic.GateUnitTests" tests="15" skipped="0" failures="0" errors="0" timestamp="2023-05-16T09:14:52" hostname="DESKTOP-SBHOAHH" time="0.076">
  <properties/>
  <testcase name="testThruOut" classname="com.company.gate.logic.GateUnitTests" time="0.014"/>
  <testcase name="testOpenOut" classname="com.company.gate.logic.GateUnitTests" time="0.002"/>
  <testcase name="testOpenClosed" classname="com.company.gate.logic.GateUnitTests" time="0.003"/>
  <testcase name="testGateConstructor" classname="com.company.gate.logic.GateUnitTests" time="0.003"/>
  <testcase name="testThruWhenClosed" classname="com.company.gate.logic.GateUnitTests" time="0.002"/>
  <testcase name="testCloseGate" classname="com.company.gate.logic.GateUnitTests" time="0.003"/>
  <testcase name="testGateToStringWhenInvalid" classname="com.company.gate.logic.GateUnitTests" time="0.006"/>
  <testcase name="testInvalidSwingParameter" classname="com.company.gate.logic.GateUnitTests" time="0.004"/>
  <testcase name="testSetSwingIn" classname="com.company.gate.logic.GateUnitTests" time="0.001"/>
  <testcase name="testGateToStringWhenOpenedOut" classname="com.company.gate.logic.GateUnitTests" time="0.003"/>
  <testcase name="testGateToStringWhenOpenedIn" classname="com.company.gate.logic.GateUnitTests" time="0.002"/>
  <testcase name="testSetSwingOut" classname="com.company.gate.logic.GateUnitTests" time="0.002"/>
  <testcase name="testOpenIn" classname="com.company.gate.logic.GateUnitTests" time="0.002"/>
  <testcase name="testGateToStringWhenClosed" classname="com.company.gate.logic.GateUnitTests" time="0.02"/>
  <testcase name="testThruIn" classname="com.company.gate.logic.GateUnitTests" time="0.002"/>
  <system-out><![CDATA[]]></system-out>
  <system-err><![CDATA[]]></system-err>
</testsuite>
